[2016-10-11 13:12:10] START
[2016-10-11 13:14:05] EDIT juntas_de_negocios/models/db.py: 10
[2016-10-11 13:16:54] EDIT juntas_de_negocios/models/menu.py: -90
[2016-10-11 13:17:36] CREATE _asistentes.py: 0
[2016-10-11 13:18:14] EDIT juntas_de_negocios/controllers/_asistentes.py: 2
[2016-10-11 13:19:10] EDIT juntas_de_negocios/controllers/default.py: 0
[2016-10-11 13:20:14] EDIT juntas_de_negocios/views/default/index.html: -17
[2016-10-11 13:34:07] EDIT juntas_de_negocios/models/menu.py: 0
[2016-10-11 13:34:38] EDIT juntas_de_negocios/models/menu.py: 0
[2016-10-11 13:37:10] DELETE juntas_de_negocios/controllers/_asistentes.py: -3
[2016-10-11 13:37:22] CREATE asistentes.py: 0
[2016-10-11 13:37:34] EDIT juntas_de_negocios/controllers/asistentes.py: 2
[2016-10-11 13:38:39] EDIT juntas_de_negocios/models/menu.py: 0
[2016-10-11 13:39:13] EDIT juntas_de_negocios/models/menu.py: 0
[2016-10-11 13:42:19] EDIT juntas_de_negocios/models/menu.py: 0
[2016-10-11 13:43:12] EDIT juntas_de_negocios/models/menu.py: 0
[2016-10-11 13:43:45] EDIT juntas_de_negocios/models/menu.py: 0
[2016-10-11 14:49:30] EDIT juntas_de_negocios/views/layout.html: 0
[2016-10-11 14:49:56] EDIT juntas_de_negocios/views/layout.html: 0
[2016-10-11 14:57:15] EDIT juntas_de_negocios/models/db.py: 1
[2016-10-11 14:58:20] EDIT juntas_de_negocios/models/db.py: 0
[2016-10-11 15:26:13] EDIT juntas_de_negocios/controllers/asistentes.py: 0
[2016-10-11 15:26:29] EDIT juntas_de_negocios/controllers/asistentes.py: 0
[2016-10-11 15:26:47] EDIT juntas_de_negocios/controllers/asistentes.py: 0
[2016-10-11 15:29:38] CREATE asistentes/vista_asistencia.html: 0
[2016-10-11 15:30:07] EDIT juntas_de_negocios/views/asistentes/vista_asistencia.html: -1
[2016-10-11 16:23:38] EDIT juntas_de_negocios/controllers/default.py: 0
[2016-10-11 16:24:23] EDIT juntas_de_negocios/controllers/default.py: 0
[2016-10-12 18:11:32] EDIT juntas_de_negocios/views/default/index.html: 0
[2016-10-12 18:14:31] EDIT juntas_de_negocios/models/db.py: 0
[2016-10-12 18:30:41] EDIT juntas_de_negocios/models/db.py: 0
[2016-10-12 18:30:52] EDIT juntas_de_negocios/models/db.py: 0
[2016-10-12 18:30:57] EDIT juntas_de_negocios/models/db.py: 0
[2016-10-12 18:31:59] EDIT juntas_de_negocios/models/db.py: 0
[2016-10-12 18:32:03] EDIT juntas_de_negocios/models/db.py: 0
[2016-10-12 18:32:05] EDIT juntas_de_negocios/models/db.py: 0
[2016-10-12 18:32:13] EDIT juntas_de_negocios/models/db.py: 0
[2016-10-12 18:32:29] EDIT juntas_de_negocios/models/db.py: 0
[2016-10-12 18:32:37] EDIT juntas_de_negocios/models/db.py: 0
[2016-10-12 18:32:45] EDIT juntas_de_negocios/models/db.py: 0
[2016-10-12 18:34:02] EDIT juntas_de_negocios/models/db.py: 0
[2016-10-12 18:34:50] EDIT juntas_de_negocios/models/db.py: 0
[2016-10-13 15:18:01] EDIT juntas_de_negocios/models/db.py: 0
[2016-10-13 15:18:14] EDIT juntas_de_negocios/models/db.py: 1
[2016-10-13 15:19:30] EDIT juntas_de_negocios/models/db.py: -1
[2016-10-13 15:21:07] EDIT juntas_de_negocios/models/db.py: 0
[2016-10-13 15:21:30] EDIT juntas_de_negocios/models/db.py: 0
[2016-10-13 15:21:54] EDIT juntas_de_negocios/models/db.py: 0
[2016-10-13 15:22:10] EDIT juntas_de_negocios/models/db.py: 0
[2016-10-13 15:22:23] EDIT juntas_de_negocios/models/db.py: 0
[2016-10-13 15:22:37] EDIT juntas_de_negocios/models/db.py: 0
[2016-10-13 15:23:32] EDIT juntas_de_negocios/models/db.py: 0
[2016-10-13 15:25:21] EDIT juntas_de_negocios/models/db.py: 0
[2016-10-13 15:25:28] EDIT juntas_de_negocios/models/db.py: 0
[2016-10-13 15:25:53] EDIT juntas_de_negocios/models/db.py: 0
[2016-10-13 15:26:47] EDIT juntas_de_negocios/models/db.py: 0
[2016-10-13 15:26:50] EDIT juntas_de_negocios/models/db.py: 0
[2016-10-13 15:27:05] EDIT juntas_de_negocios/models/db.py: 0
[2016-10-13 15:29:24] EDIT juntas_de_negocios/models/db.py: 1
[2016-10-13 15:29:34] EDIT juntas_de_negocios/models/db.py: 1
[2016-10-13 15:29:37] EDIT juntas_de_negocios/models/db.py: 0
[2016-10-13 15:29:51] EDIT juntas_de_negocios/models/db.py: -1
[2016-10-13 15:30:10] EDIT juntas_de_negocios/models/db.py: 1
[2016-10-13 15:30:19] EDIT juntas_de_negocios/models/db.py: -1
[2016-10-13 15:30:26] EDIT juntas_de_negocios/models/db.py: 1
[2016-10-13 15:52:57] EDIT juntas_de_negocios/models/db.py: 0
[2016-10-13 15:53:09] EDIT juntas_de_negocios/models/db.py: 0
[2016-10-13 15:53:26] EDIT juntas_de_negocios/models/db.py: 0
[2016-10-13 15:53:28] EDIT juntas_de_negocios/models/db.py: 0
[2016-10-13 15:53:48] EDIT juntas_de_negocios/models/db.py: -1
[2016-10-13 15:54:51] EDIT juntas_de_negocios/models/db.py: -1
[2016-10-13 15:55:01] EDIT juntas_de_negocios/models/db.py: 0
[2016-10-13 15:55:06] EDIT juntas_de_negocios/models/db.py: 1
[2016-10-13 15:55:30] EDIT juntas_de_negocios/models/db.py: 0
[2016-10-13 15:55:35] EDIT juntas_de_negocios/models/db.py: 0
[2016-10-13 15:55:45] EDIT juntas_de_negocios/models/db.py: -1
[2016-10-13 15:55:49] EDIT juntas_de_negocios/models/db.py: 0
[2016-10-13 16:00:03] EDIT juntas_de_negocios/models/db.py: 1
[2016-10-13 16:00:13] EDIT juntas_de_negocios/models/db.py: 1
[2016-10-13 16:00:34] EDIT juntas_de_negocios/models/db.py: 0
[2016-10-13 16:02:19] EDIT juntas_de_negocios/models/db.py: 0
[2016-10-13 16:02:35] EDIT juntas_de_negocios/models/db.py: 0
[2016-10-13 16:02:40] EDIT juntas_de_negocios/models/db.py: 0
[2016-10-13 16:03:13] EDIT juntas_de_negocios/models/db.py: 0
[2016-10-13 16:03:26] EDIT juntas_de_negocios/models/db.py: 0
[2016-10-13 16:03:31] EDIT juntas_de_negocios/models/db.py: 0
[2016-10-13 16:04:15] EDIT juntas_de_negocios/models/db.py: 0
[2016-10-13 16:04:23] EDIT juntas_de_negocios/models/db.py: 0
[2016-10-13 16:04:30] EDIT juntas_de_negocios/models/db.py: -1
[2016-10-13 16:04:37] EDIT juntas_de_negocios/models/db.py: -1
[2016-10-13 16:07:17] EDIT juntas_de_negocios/controllers/asistentes.py: 2
[2016-10-13 16:08:20] EDIT juntas_de_negocios/controllers/asistentes.py: -2
[2016-10-13 16:17:06] EDIT juntas_de_negocios/models/db.py: 0
[2016-10-13 16:17:51] EDIT juntas_de_negocios/models/db.py: 0
[2016-10-13 16:23:51] EDIT juntas_de_negocios/models/db.py: 0
[2016-10-13 16:24:52] EDIT juntas_de_negocios/models/db.py: 0
[2016-10-13 16:25:04] EDIT juntas_de_negocios/models/db.py: 0
[2016-10-13 16:25:18] EDIT juntas_de_negocios/models/db.py: 0
[2016-10-13 16:25:39] EDIT juntas_de_negocios/models/db.py: 1
[2016-10-13 16:25:43] EDIT juntas_de_negocios/models/db.py: -1
[2016-10-13 16:26:28] EDIT juntas_de_negocios/models/db.py: 0
[2016-10-13 16:27:06] EDIT juntas_de_negocios/models/db.py: 0
[2016-10-13 16:29:57] EDIT juntas_de_negocios/models/db.py: 1
[2016-10-13 16:30:38] EDIT juntas_de_negocios/models/db.py: 0
[2016-10-13 16:31:15] EDIT juntas_de_negocios/models/db.py: -1
[2016-10-13 16:36:20] EDIT juntas_de_negocios/models/db.py: 1
[2016-10-13 16:37:03] EDIT juntas_de_negocios/models/db.py: 0
[2016-10-13 16:37:09] EDIT juntas_de_negocios/models/db.py: -1
[2016-10-13 16:47:38] EDIT juntas_de_negocios/models/db.py: 0
[2016-10-13 17:08:23] EDIT juntas_de_negocios/models/db.py: 0
[2016-10-13 17:08:29] EDIT juntas_de_negocios/models/db.py: 0
[2016-10-15 14:51:22] EDIT juntas_de_negocios/controllers/asistentes.py: 2
[2016-10-15 14:53:53] EDIT juntas_de_negocios/controllers/asistentes.py: 0
[2016-10-15 14:55:26] EDIT juntas_de_negocios/controllers/asistentes.py: -2
[2016-10-15 14:58:00] EDIT juntas_de_negocios/controllers/asistentes.py: 1
[2016-10-15 14:58:18] EDIT juntas_de_negocios/views/asistentes/vista_asistencia.html: 1
[2016-10-15 14:59:49] EDIT juntas_de_negocios/views/asistentes/vista_asistencia.html: 2
[2016-10-15 15:01:42] EDIT juntas_de_negocios/controllers/asistentes.py: 2
[2016-10-15 15:03:28] EDIT juntas_de_negocios/controllers/asistentes.py: 0
[2016-10-15 15:03:48] EDIT juntas_de_negocios/controllers/asistentes.py: 0
[2016-10-15 15:04:00] EDIT juntas_de_negocios/controllers/asistentes.py: 0
[2016-10-15 15:05:01] EDIT juntas_de_negocios/views/asistentes/vista_asistencia.html: -2
[2016-10-15 15:06:01] EDIT juntas_de_negocios/models/db.py: 1
[2016-10-15 15:06:11] EDIT juntas_de_negocios/controllers/asistentes.py: 0
[2016-10-15 15:06:30] EDIT juntas_de_negocios/controllers/asistentes.py: 0
[2016-10-15 15:07:06] EDIT juntas_de_negocios/controllers/asistentes.py: 0
[2016-10-15 15:09:20] EDIT juntas_de_negocios/controllers/asistentes.py: 0
[2016-10-15 15:11:59] EDIT juntas_de_negocios/controllers/asistentes.py: 1
[2016-10-15 15:12:18] EDIT juntas_de_negocios/controllers/asistentes.py: 0
[2016-10-15 15:14:10] EDIT juntas_de_negocios/controllers/asistentes.py: 1
[2016-10-15 15:16:31] EDIT juntas_de_negocios/controllers/asistentes.py: 0
[2016-10-16 09:41:11] EDIT juntas_de_negocios/controllers/asistentes.py: 0
[2016-10-16 09:46:31] EDIT juntas_de_negocios/controllers/asistentes.py: 0
[2016-10-16 09:47:31] EDIT juntas_de_negocios/controllers/asistentes.py: 0
[2016-10-16 09:53:29] EDIT juntas_de_negocios/controllers/asistentes.py: 1
[2016-10-16 09:54:12] EDIT juntas_de_negocios/controllers/asistentes.py: -1
[2016-10-16 09:54:58] EDIT juntas_de_negocios/controllers/asistentes.py: 0
[2016-10-16 09:55:15] EDIT juntas_de_negocios/controllers/asistentes.py: 0
[2016-10-16 10:02:05] EDIT juntas_de_negocios/controllers/asistentes.py: 1
[2016-10-16 10:02:16] EDIT juntas_de_negocios/controllers/asistentes.py: -1
[2016-10-16 10:32:08] EDIT juntas_de_negocios/controllers/asistentes.py: 2
[2016-10-16 10:34:23] EDIT juntas_de_negocios/controllers/asistentes.py: 0
[2016-10-16 10:35:16] EDIT juntas_de_negocios/controllers/asistentes.py: -1
[2016-10-16 10:36:52] EDIT juntas_de_negocios/controllers/asistentes.py: 1
[2016-10-16 10:37:08] EDIT juntas_de_negocios/controllers/asistentes.py: 0
[2016-10-16 10:44:13] EDIT juntas_de_negocios/controllers/asistentes.py: 0
[2016-10-16 10:45:34] EDIT juntas_de_negocios/controllers/asistentes.py: 0
[2016-10-16 10:48:29] EDIT juntas_de_negocios/controllers/asistentes.py: 0
[2016-10-16 10:48:32] EDIT juntas_de_negocios/controllers/asistentes.py: 0
[2016-10-16 10:49:30] EDIT juntas_de_negocios/controllers/asistentes.py: 0
[2016-10-16 10:56:41] EDIT juntas_de_negocios/controllers/asistentes.py: 0
[2016-10-16 10:58:06] EDIT juntas_de_negocios/controllers/asistentes.py: 0
[2016-10-16 10:58:21] EDIT juntas_de_negocios/controllers/asistentes.py: 0
[2016-10-16 10:59:16] EDIT juntas_de_negocios/controllers/asistentes.py: 0
[2016-10-16 10:59:41] EDIT juntas_de_negocios/controllers/asistentes.py: -1
[2016-10-16 11:11:41] EDIT juntas_de_negocios/controllers/asistentes.py: 1
[2016-10-16 11:11:58] EDIT juntas_de_negocios/controllers/asistentes.py: -1
[2016-10-16 11:16:34] EDIT juntas_de_negocios/controllers/asistentes.py: 1
[2016-10-16 11:17:03] EDIT juntas_de_negocios/controllers/asistentes.py: 0
[2016-10-16 11:19:23] EDIT juntas_de_negocios/controllers/asistentes.py: 0
[2016-10-16 11:19:31] EDIT juntas_de_negocios/controllers/asistentes.py: 0
[2016-10-16 11:20:02] EDIT juntas_de_negocios/controllers/asistentes.py: 0
[2016-10-16 11:20:33] EDIT juntas_de_negocios/controllers/asistentes.py: 0
[2016-10-16 11:20:39] EDIT juntas_de_negocios/controllers/asistentes.py: -1
[2016-10-16 11:21:11] EDIT juntas_de_negocios/controllers/asistentes.py: 1
[2016-10-16 11:21:47] EDIT juntas_de_negocios/controllers/asistentes.py: 0
[2016-10-16 11:21:49] EDIT juntas_de_negocios/controllers/asistentes.py: 0
[2016-10-16 11:21:51] EDIT juntas_de_negocios/controllers/asistentes.py: 0
[2016-10-16 11:22:15] EDIT juntas_de_negocios/controllers/asistentes.py: 0
[2016-10-16 11:22:28] EDIT juntas_de_negocios/controllers/asistentes.py: 0
[2016-10-16 11:22:29] EDIT juntas_de_negocios/controllers/asistentes.py: 0
[2016-10-16 11:22:47] EDIT juntas_de_negocios/controllers/asistentes.py: 0
[2016-10-16 11:23:06] EDIT juntas_de_negocios/controllers/asistentes.py: -2
[2016-10-18 11:00:53] EDIT juntas_de_negocios/controllers/asistentes.py: 0
[2016-10-18 11:07:57] EDIT juntas_de_negocios/controllers/asistentes.py: 0
[2016-10-18 11:08:19] EDIT juntas_de_negocios/controllers/asistentes.py: 0
[2016-10-18 11:08:29] EDIT juntas_de_negocios/controllers/asistentes.py: 0
[2016-10-18 11:09:38] EDIT juntas_de_negocios/controllers/asistentes.py: 0
[2016-10-18 11:12:08] EDIT juntas_de_negocios/controllers/asistentes.py: 0
[2016-10-18 11:13:19] EDIT juntas_de_negocios/controllers/asistentes.py: 0
[2016-10-18 11:16:32] EDIT juntas_de_negocios/controllers/asistentes.py: 0
[2016-10-18 11:16:58] EDIT juntas_de_negocios/controllers/asistentes.py: 0
[2016-10-18 11:17:17] EDIT juntas_de_negocios/controllers/asistentes.py: 0
[2016-10-18 11:17:25] EDIT juntas_de_negocios/controllers/asistentes.py: 0
[2016-10-18 11:17:30] EDIT juntas_de_negocios/controllers/asistentes.py: 0
[2016-10-18 11:18:36] EDIT juntas_de_negocios/controllers/asistentes.py: 0
[2016-10-18 11:19:23] EDIT juntas_de_negocios/controllers/asistentes.py: 0
[2016-10-18 11:20:55] EDIT juntas_de_negocios/models/db.py: 0
[2016-10-18 11:21:13] EDIT juntas_de_negocios/models/db.py: 0
[2016-10-18 11:22:06] EDIT juntas_de_negocios/controllers/asistentes.py: 0
[2016-10-18 11:23:04] EDIT juntas_de_negocios/controllers/asistentes.py: 0
[2016-10-18 11:23:33] EDIT juntas_de_negocios/controllers/asistentes.py: 0
[2016-10-18 11:24:53] EDIT juntas_de_negocios/controllers/asistentes.py: 0
[2016-10-18 11:24:55] EDIT juntas_de_negocios/controllers/asistentes.py: 0
[2016-10-18 11:26:03] EDIT juntas_de_negocios/controllers/asistentes.py: 0
[2016-10-18 11:26:06] EDIT juntas_de_negocios/controllers/asistentes.py: 0
[2016-10-18 11:26:33] EDIT juntas_de_negocios/controllers/asistentes.py: 0
[2016-10-18 11:30:40] EDIT juntas_de_negocios/models/db.py: 0
[2016-10-18 11:30:43] EDIT juntas_de_negocios/models/db.py: 0
[2016-10-18 11:31:45] EDIT juntas_de_negocios/controllers/asistentes.py: 0
[2016-10-18 11:33:00] EDIT juntas_de_negocios/controllers/asistentes.py: 1
[2016-10-18 11:33:24] EDIT juntas_de_negocios/controllers/asistentes.py: -1
[2016-10-18 11:33:31] EDIT juntas_de_negocios/controllers/asistentes.py: 0
[2016-10-18 11:34:03] EDIT juntas_de_negocios/controllers/asistentes.py: 0
[2016-10-18 11:36:30] EDIT juntas_de_negocios/controllers/asistentes.py: 2
[2016-10-18 11:36:48] EDIT juntas_de_negocios/controllers/asistentes.py: 0
[2016-10-18 11:37:09] EDIT juntas_de_negocios/controllers/asistentes.py: 0
[2016-10-18 11:37:22] EDIT juntas_de_negocios/controllers/asistentes.py: 0
[2016-10-18 11:38:09] EDIT juntas_de_negocios/controllers/asistentes.py: -2
[2016-10-18 11:39:26] EDIT juntas_de_negocios/controllers/asistentes.py: 1
[2016-10-18 11:39:40] EDIT juntas_de_negocios/controllers/asistentes.py: 0
[2016-10-18 11:41:11] EDIT juntas_de_negocios/controllers/asistentes.py: -1
[2016-10-18 11:42:21] EDIT juntas_de_negocios/controllers/asistentes.py: 0
[2016-10-18 11:45:39] EDIT juntas_de_negocios/controllers/asistentes.py: 0
[2016-10-18 11:46:03] EDIT juntas_de_negocios/controllers/asistentes.py: 0
[2016-10-18 11:56:36] EDIT juntas_de_negocios/models/db.py: -1
[2016-10-18 12:00:45] EDIT juntas_de_negocios/models/db.py: 0
[2016-10-18 12:01:56] EDIT juntas_de_negocios/controllers/asistentes.py: 0
[2016-10-18 12:02:28] EDIT juntas_de_negocios/controllers/asistentes.py: 0
[2016-10-18 12:02:50] EDIT juntas_de_negocios/controllers/asistentes.py: 0
[2018-12-12 20:01:01] EDIT juntas_de_negocios/controllers/asistentes.py: 0
[2019-02-01 09:56:25] EDIT junta_bosque/models/db.py: 3
[2019-02-01 09:58:04] EDIT junta_bosque/models/db.py: 0
[2019-02-01 10:04:23] EDIT junta_bosque/models/menu.py: 0
[2019-02-01 10:04:51] EDIT junta_bosque/models/menu.py: 0
[2019-02-01 10:06:41] EDIT junta_bosque/controllers/asistentes.py: 0
[2019-02-01 10:07:31] EDIT junta_bosque/controllers/asistentes.py: 0
[2019-02-01 10:20:50] EDIT junta_bosque/controllers/asistentes.py: 0
[2019-02-01 10:26:12] EDIT junta_bosque/controllers/asistentes.py: 0
[2019-02-01 10:30:03] EDIT junta_bosque/controllers/asistentes.py: 0
[2019-02-01 10:41:12] EDIT junta_bosque/views/default/index.html: 0
[2019-02-01 10:48:54] EDIT junta_bosque/views/layout.html: 0
[2019-02-01 11:09:08] EDIT junta_bosque/databases/sql.log: -9
[2019-02-01 11:16:40] EDIT junta_bosque/views/habitantes/vista_habitantes.html: -1
[2019-02-01 11:16:52] EDIT junta_bosque/views/habitantes/vista_habitantes.html: 1
[2019-02-01 11:18:07] EDIT junta_bosque/controllers/habitantes.py: 0
[2019-02-01 11:18:19] EDIT junta_bosque/controllers/habitantes.py: 0
[2019-02-01 11:19:52] EDIT junta_bosque/controllers/habitantes.py: 0
[2019-02-01 11:22:40] EDIT junta_bosque/controllers/habitantes.py: 0
[2019-02-01 11:23:04] EDIT junta_bosque/controllers/habitantes.py: -1
[2019-02-01 11:23:11] EDIT junta_bosque/controllers/habitantes.py: 1
[2019-02-01 11:23:38] EDIT junta_bosque/controllers/habitantes.py: 0
[2019-02-02 13:35:53] EDIT junta_bosque/views/habitantes/vista_habitantes.html: 0
[2019-02-02 13:37:02] EDIT junta_bosque/views/habitantes/vista_habitantes.html: 0
[2019-02-02 13:40:00] EDIT junta_bosque/views/default/index.html: 0
[2019-02-02 13:40:11] EDIT junta_bosque/views/default/index.html: 0
[2019-02-02 14:36:09] EDIT junta_bosque/controllers/habitantes.py: 0
[2019-02-02 14:36:34] EDIT junta_bosque/controllers/habitantes.py: 0
[2019-02-02 14:46:17] EDIT junta_bosque/models/menu.py: 0
[2019-02-02 14:47:20] EDIT junta_bosque/models/menu.py: 0
[2019-02-02 14:54:26] EDIT junta_bosque/models/menu.py: 0
[2019-02-02 14:57:53] EDIT junta_bosque/controllers/habitantes.py: 1
[2019-02-02 14:58:24] EDIT junta_bosque/controllers/habitantes.py: -1
[2019-02-02 15:00:28] EDIT junta_bosque/controllers/habitantes.py: 0
[2019-02-02 15:00:46] EDIT junta_bosque/controllers/habitantes.py: 0
[2019-02-02 15:18:16] EDIT junta_bosque/models/db.py: 1
[2019-02-02 15:18:45] EDIT junta_bosque/models/db.py: 0
[2019-02-02 15:19:52] EDIT junta_bosque/models/db.py: -1
[2019-02-02 15:21:13] EDIT junta_bosque/models/db.py: 0
[2019-02-02 15:24:56] EDIT junta_bosque/models/db.py: 1
[2019-02-02 15:25:08] EDIT junta_bosque/models/db.py: -1
[2019-02-02 15:40:06] EDIT junta_bosque/models/db.py: 1
[2019-02-02 15:56:11] EDIT junta_bosque/controllers/habitantes.py: 3
[2019-02-02 17:37:46] EDIT junta_bosque/controllers/habitantes.py: 3
[2019-02-02 17:38:07] EDIT junta_bosque/controllers/habitantes.py: 0
[2019-02-02 17:38:32] EDIT junta_bosque/controllers/habitantes.py: 0
[2019-02-02 17:39:16] EDIT junta_bosque/controllers/habitantes.py: 0
[2019-02-02 17:39:27] EDIT junta_bosque/controllers/habitantes.py: 0
[2019-02-02 17:40:07] EDIT junta_bosque/controllers/habitantes.py: -3
[2019-02-02 17:42:37] EDIT junta_bosque/controllers/habitantes.py: 0
[2019-02-02 17:43:34] EDIT junta_bosque/controllers/habitantes.py: 0
[2019-02-02 17:45:58] EDIT junta_bosque/controllers/habitantes.py: 2
[2019-02-02 17:49:14] EDIT junta_bosque/controllers/habitantes.py: -2
[2019-02-02 17:49:43] EDIT junta_bosque/controllers/habitantes.py: 0
[2019-02-02 17:53:04] EDIT junta_bosque/controllers/habitantes.py: 3
[2019-02-02 17:53:46] EDIT junta_bosque/controllers/habitantes.py: -1
[2019-02-02 17:54:12] EDIT junta_bosque/controllers/habitantes.py: 1
[2019-02-02 17:55:17] EDIT junta_bosque/controllers/habitantes.py: -1
[2019-02-02 17:57:07] EDIT junta_bosque/controllers/habitantes.py: -5
[2019-02-02 18:00:02] EDIT junta_bosque/controllers/habitantes.py: 1
[2019-02-02 18:00:05] EDIT junta_bosque/controllers/habitantes.py: -1
[2019-02-02 18:06:54] EDIT junta_bosque/models/db.py: 1
[2019-02-02 18:07:14] EDIT junta_bosque/models/db.py: 0
[2019-02-02 18:07:41] EDIT junta_bosque/models/db.py: 0
[2019-02-02 18:08:21] EDIT junta_bosque/models/db.py: -1
[2019-02-02 18:08:56] EDIT junta_bosque/models/db.py: 2
[2019-02-02 18:09:05] EDIT junta_bosque/models/db.py: 0
[2019-02-02 18:09:20] EDIT junta_bosque/models/db.py: 0
[2019-02-02 18:09:34] EDIT junta_bosque/models/db.py: -2
[2019-02-02 18:10:25] EDIT junta_bosque/models/db.py: 1
[2019-02-02 18:12:15] EDIT junta_bosque/models/db.py: -1
[2019-02-02 18:17:00] EDIT junta_bosque/controllers/habitantes.py: 1
[2019-02-02 18:18:02] EDIT junta_bosque/controllers/habitantes.py: -1
[2019-02-02 18:20:34] EDIT junta_bosque/models/db.py: 1
[2019-02-02 18:20:48] EDIT junta_bosque/models/db.py: 0
[2019-02-02 18:21:52] EDIT junta_bosque/models/db.py: -1
[2019-02-02 18:22:15] EDIT junta_bosque/models/db.py: 1
[2019-02-02 18:22:24] EDIT junta_bosque/models/db.py: -1
[2019-02-02 18:23:35] EDIT junta_bosque/models/db.py: 0
[2019-02-02 18:23:45] EDIT junta_bosque/models/db.py: 0
[2019-02-02 18:23:52] EDIT junta_bosque/models/db.py: 0
[2019-02-02 18:24:32] EDIT junta_bosque/models/db.py: -1
[2019-02-02 18:25:31] EDIT junta_bosque/models/db.py: 1
[2019-02-02 18:27:12] EDIT junta_bosque/models/db.py: 1
[2019-02-02 18:27:53] EDIT junta_bosque/models/db.py: -1
[2019-02-02 18:28:47] EDIT junta_bosque/models/db.py: 0
[2019-02-02 18:28:54] EDIT junta_bosque/models/db.py: 0
[2019-02-02 18:29:10] EDIT junta_bosque/models/db.py: 0
[2019-02-02 18:29:14] EDIT junta_bosque/models/db.py: 0
[2019-02-02 18:29:28] EDIT junta_bosque/models/db.py: 0
[2019-02-02 18:29:36] EDIT junta_bosque/models/db.py: 0
[2019-02-02 18:29:47] EDIT junta_bosque/models/db.py: 0
[2019-02-02 18:30:51] EDIT junta_bosque/models/db.py: 1
[2019-02-02 18:31:19] EDIT junta_bosque/models/db.py: -1
[2019-02-02 18:32:31] EDIT junta_bosque/models/db.py: 0
[2019-02-02 18:37:16] EDIT junta_bosque/models/db.py: 1
[2019-02-02 18:38:00] EDIT junta_bosque/models/db.py: -1
[2019-02-02 18:39:27] EDIT junta_bosque/models/db.py: 0
[2019-02-02 18:39:33] EDIT junta_bosque/models/db.py: 0
[2019-02-02 18:39:36] EDIT junta_bosque/models/db.py: 0
[2019-02-02 18:40:15] EDIT junta_bosque/models/db.py: 0
[2019-02-02 18:40:28] EDIT junta_bosque/models/db.py: 0
[2019-02-02 18:40:35] EDIT junta_bosque/models/db.py: 0
[2019-02-02 18:40:44] EDIT junta_bosque/models/db.py: 0
[2019-02-02 18:45:24] EDIT junta_bosque/models/db.py: 3
[2019-02-02 18:46:08] EDIT junta_bosque/models/db.py: 0
[2019-02-02 18:52:37] EDIT junta_bosque/models/db.py: 0
[2019-02-02 18:56:50] EDIT junta_bosque/controllers/habitantes.py: 0
[2019-02-02 18:59:19] EDIT junta_bosque/controllers/habitantes.py: 0
[2019-02-02 19:05:35] EDIT junta_bosque/controllers/habitantes.py: 1
[2019-02-02 19:05:46] EDIT junta_bosque/controllers/habitantes.py: 0
[2019-02-02 19:07:30] EDIT junta_bosque/controllers/habitantes.py: 0
[2019-02-02 19:08:07] EDIT junta_bosque/controllers/habitantes.py: 0
[2019-02-02 19:09:00] EDIT junta_bosque/controllers/habitantes.py: 0
[2019-02-02 19:09:16] EDIT junta_bosque/controllers/habitantes.py: 0
[2019-02-02 19:09:25] EDIT junta_bosque/controllers/habitantes.py: 0
[2019-02-02 19:09:31] EDIT junta_bosque/controllers/habitantes.py: 0
[2019-02-02 19:09:52] EDIT junta_bosque/controllers/habitantes.py: 0
[2019-02-02 19:10:20] EDIT junta_bosque/controllers/habitantes.py: 0
[2019-02-02 19:10:41] EDIT junta_bosque/controllers/habitantes.py: 0
[2019-02-02 19:11:21] EDIT junta_bosque/controllers/habitantes.py: 0
[2019-02-02 19:11:33] EDIT junta_bosque/controllers/habitantes.py: 0
[2019-02-02 19:11:51] EDIT junta_bosque/controllers/habitantes.py: 0
[2019-02-02 19:12:44] EDIT junta_bosque/controllers/habitantes.py: 0
[2019-02-02 19:12:51] EDIT junta_bosque/controllers/habitantes.py: 0
[2019-02-02 19:13:15] EDIT junta_bosque/controllers/habitantes.py: 0
[2019-02-02 19:13:42] EDIT junta_bosque/controllers/habitantes.py: 0
[2019-02-02 19:14:53] EDIT junta_bosque/controllers/habitantes.py: 0
[2019-02-02 19:15:51] EDIT junta_bosque/controllers/habitantes.py: 0
[2019-02-02 19:15:59] EDIT junta_bosque/controllers/habitantes.py: 0
[2019-02-02 19:16:24] EDIT junta_bosque/controllers/habitantes.py: 1
[2019-02-02 19:16:36] EDIT junta_bosque/controllers/habitantes.py: 0
[2019-02-02 19:16:40] EDIT junta_bosque/controllers/habitantes.py: 0
[2019-02-02 19:16:55] EDIT junta_bosque/controllers/habitantes.py: 0
[2019-02-02 19:17:10] EDIT junta_bosque/controllers/habitantes.py: -1
[2019-02-02 19:22:02] EDIT junta_bosque/views/habitantes/vista_habitantes.html: 1
[2019-02-02 19:22:40] EDIT junta_bosque/views/habitantes/vista_habitantes.html: 0
[2019-02-02 19:24:24] EDIT junta_bosque/views/habitantes/vista_habitantes.html: 0
[2019-02-02 19:27:49] EDIT junta_bosque/views/default/index.html: 0
[2019-02-02 19:28:33] EDIT junta_bosque/views/default/index.html: 0
[2019-02-02 19:28:53] EDIT junta_bosque/views/default/index.html: 0
[2019-02-02 19:29:13] EDIT junta_bosque/views/default/index.html: 0
[2019-02-02 19:29:29] EDIT junta_bosque/views/default/index.html: 0
[2019-02-02 19:31:11] EDIT junta_bosque/views/default/index.html: 0
[2019-02-02 19:31:53] EDIT junta_bosque/views/default/index.html: 0
[2019-02-02 19:32:11] EDIT junta_bosque/views/default/index.html: 0
[2019-02-02 19:37:44] EDIT junta_bosque/views/default/index.html: 0
[2019-02-02 19:38:24] EDIT junta_bosque/views/default/index.html: 0
[2019-02-02 19:42:50] EDIT junta_bosque/views/default/index.html: 0
[2019-02-02 19:53:46] EDIT junta_bosque/models/menu.py: 0
[2019-02-02 19:56:47] EDIT junta_bosque/controllers/habitantes.py: 0
[2019-02-02 19:56:56] EDIT junta_bosque/controllers/habitantes.py: 0
[2019-02-02 19:58:14] EDIT junta_bosque/views/habitantes/vista_habitantes.html: 1
[2019-02-02 19:58:28] EDIT junta_bosque/views/habitantes/vista_habitantes.html: 0
[2019-02-02 19:58:46] EDIT junta_bosque/views/habitantes/vista_habitantes.html: -1
[2019-02-04 09:26:18] EDIT junta_bosque/models/db.py: 1
[2019-02-04 09:26:36] EDIT junta_bosque/models/db.py: 0
[2019-02-04 09:26:44] EDIT junta_bosque/models/db.py: 0
[2019-02-04 09:26:56] EDIT junta_bosque/models/db.py: 0
[2019-02-04 09:27:14] EDIT junta_bosque/models/db.py: 0
[2019-02-04 09:28:15] EDIT junta_bosque/models/db.py: 0
[2019-02-04 09:28:26] EDIT junta_bosque/models/db.py: 0
[2019-02-04 09:29:35] EDIT junta_bosque/models/db.py: 0
[2019-02-04 09:29:52] EDIT junta_bosque/models/db.py: 0
[2019-02-04 09:30:05] EDIT junta_bosque/models/db.py: 0
[2019-02-04 09:30:07] EDIT junta_bosque/models/db.py: 0
[2019-02-04 09:31:07] EDIT junta_bosque/models/db.py: -1
[2019-02-04 09:32:00] EDIT junta_bosque/controllers/habitantes.py: 0
[2019-02-04 09:33:33] EDIT junta_bosque/controllers/habitantes.py: 0
[2019-02-04 09:33:40] EDIT junta_bosque/controllers/habitantes.py: 0
[2019-02-04 09:34:17] EDIT junta_bosque/controllers/habitantes.py: 0
[2019-02-04 09:34:31] EDIT junta_bosque/controllers/habitantes.py: 0
[2019-02-04 09:35:13] EDIT junta_bosque/controllers/habitantes.py: 0
[2019-02-04 09:36:16] EDIT junta_bosque/controllers/habitantes.py: 0
[2019-02-04 09:36:43] EDIT junta_bosque/controllers/habitantes.py: 0
[2019-02-04 09:37:08] EDIT junta_bosque/controllers/habitantes.py: 0
[2019-02-04 09:37:54] EDIT junta_bosque/controllers/habitantes.py: 0
[2019-02-04 09:41:35] EDIT junta_bosque/controllers/habitantes.py: 0
[2019-02-04 09:41:57] EDIT junta_bosque/controllers/habitantes.py: 0
[2019-02-04 09:42:05] EDIT junta_bosque/controllers/habitantes.py: 0
[2019-02-09 16:01:23] EDIT junta_bosque/controllers/habitantes.py: 0
[2019-02-09 16:04:08] EDIT junta_bosque/controllers/habitantes.py: 0
[2019-02-09 16:05:09] EDIT junta_bosque/controllers/habitantes.py: 0
[2019-02-09 16:05:50] EDIT junta_bosque/controllers/habitantes.py: 0
[2019-02-09 16:06:27] EDIT junta_bosque/controllers/habitantes.py: 0
[2019-02-09 16:07:16] EDIT junta_bosque/controllers/habitantes.py: 0
[2019-02-09 16:08:04] EDIT junta_bosque/controllers/habitantes.py: 0
[2019-02-09 16:08:35] EDIT junta_bosque/controllers/habitantes.py: 0
[2019-02-09 16:09:05] EDIT junta_bosque/controllers/habitantes.py: 0
[2019-02-09 16:09:38] EDIT junta_bosque/controllers/habitantes.py: 0
[2019-02-09 16:10:11] EDIT junta_bosque/controllers/habitantes.py: 0
[2019-02-09 16:11:28] EDIT junta_bosque/controllers/habitantes.py: 0
[2019-02-09 16:11:40] EDIT junta_bosque/controllers/habitantes.py: 0
[2019-02-09 16:12:27] EDIT junta_bosque/controllers/habitantes.py: 0
[2019-02-09 16:12:41] EDIT junta_bosque/controllers/habitantes.py: 0
[2019-02-09 16:15:00] EDIT junta_bosque/controllers/habitantes.py: 0
[2019-02-09 16:16:19] EDIT junta_bosque/controllers/habitantes.py: 0
[2019-02-09 16:17:32] EDIT junta_bosque/controllers/habitantes.py: 0
[2019-02-09 16:18:06] EDIT junta_bosque/controllers/habitantes.py: 0
[2019-02-09 16:18:21] EDIT junta_bosque/controllers/habitantes.py: 0
[2019-02-09 16:24:54] EDIT junta_bosque/controllers/habitantes.py: 0
[2019-02-09 16:28:31] EDIT junta_bosque/controllers/habitantes.py: 1
[2019-02-09 16:28:36] EDIT junta_bosque/controllers/habitantes.py: 0
[2019-02-09 16:29:03] EDIT junta_bosque/controllers/habitantes.py: 0
[2019-02-09 16:29:37] EDIT junta_bosque/controllers/habitantes.py: 0
[2019-02-09 16:31:39] EDIT junta_bosque/controllers/habitantes.py: 0
[2019-02-09 16:36:06] EDIT junta_bosque/controllers/habitantes.py: 1
[2019-02-09 16:36:30] EDIT junta_bosque/controllers/habitantes.py: 0
[2019-02-09 16:37:14] EDIT junta_bosque/controllers/habitantes.py: 0
[2019-02-09 16:37:41] EDIT junta_bosque/views/habitantes/vista_habitantes.html: 1
[2019-02-09 16:38:08] EDIT junta_bosque/controllers/habitantes.py: 0
[2019-02-09 16:40:17] EDIT junta_bosque/controllers/habitantes.py: 0
[2019-02-09 16:44:58] EDIT junta_bosque/controllers/habitantes.py: 0
[2019-02-09 16:46:28] EDIT junta_bosque/views/habitantes/vista_habitantes.html: -1
[2019-02-09 16:46:42] EDIT junta_bosque/controllers/habitantes.py: -1
[2019-02-09 16:47:01] EDIT junta_bosque/controllers/habitantes.py: 0
[2019-02-09 16:47:53] EDIT junta_bosque/controllers/habitantes.py: 0
[2019-02-09 16:47:59] EDIT junta_bosque/controllers/habitantes.py: 0
[2019-02-09 16:51:25] EDIT junta_bosque/controllers/habitantes.py: 0
[2019-02-09 19:11:50] EDIT junta_bosque/controllers/habitantes.py: 0
[2019-02-09 19:14:01] EDIT junta_bosque/controllers/habitantes.py: 0
[2019-02-09 19:14:45] EDIT junta_bosque/controllers/habitantes.py: 0
[2019-02-09 19:17:25] EDIT junta_bosque/controllers/habitantes.py: 0
[2019-02-09 19:31:37] EDIT junta_bosque/controllers/habitantes.py: 0
[2019-02-09 19:32:29] EDIT junta_bosque/controllers/habitantes.py: 0
[2019-02-09 19:34:00] EDIT junta_bosque/controllers/habitantes.py: 1
[2019-02-09 19:34:36] EDIT junta_bosque/controllers/habitantes.py: -1
[2019-02-09 19:34:59] EDIT junta_bosque/controllers/habitantes.py: 0
[2019-02-09 19:35:25] EDIT junta_bosque/controllers/habitantes.py: 0
[2019-02-09 19:35:33] EDIT junta_bosque/controllers/habitantes.py: 0
[2019-02-09 19:45:15] EDIT junta_bosque/controllers/habitantes.py: 0
[2019-02-09 19:45:42] EDIT junta_bosque/controllers/habitantes.py: 0
[2019-02-09 19:45:55] EDIT junta_bosque/controllers/habitantes.py: 0
[2019-02-09 19:46:01] EDIT junta_bosque/controllers/habitantes.py: 0
[2019-02-09 19:47:15] EDIT junta_bosque/controllers/habitantes.py: 0
[2019-02-09 19:47:34] EDIT junta_bosque/controllers/habitantes.py: 0
[2019-02-09 19:47:39] EDIT junta_bosque/controllers/habitantes.py: 0
[2019-02-09 19:47:45] EDIT junta_bosque/controllers/habitantes.py: 0
